<?xml version="1.0" encoding="UTF-8"?>
<!-- Generated by org.testng.reporters.JUnitReportReporter -->
<testsuite hostname="LNZCL3122" failures="0" tests="1" name="testCases.Test001_NokiaFastMileTest" time="205.248" errors="0" timestamp="2022-01-12T11:08:45 NZDT" skipped="0">
  <testcase classname="testCases.Test001_NokiaFastMileTest" name="TC001_NokiaFastMileTest" time="205.248"/>
  <system-out/>
</testsuite> <!-- testCases.Test001_NokiaFastMileTest -->
