<?xml version="1.0" encoding="UTF-8"?>
<!-- Generated by org.testng.reporters.JUnitReportReporter -->
<testsuite hostname="LNZCL3122" failures="0" tests="1" name="testCases.Test001_NokiaFastMileTest" time="33.298" errors="0" timestamp="2021-12-21T13:27:16 NZDT" skipped="0">
  <testcase classname="testCases.Test001_NokiaFastMileTest" name="TC001_NokiaFastMileTest" time="33.298"/>
  <system-out/>
</testsuite> <!-- testCases.Test001_NokiaFastMileTest -->
