<?xml version="1.0" encoding="UTF-8"?>
<!-- Generated by org.testng.reporters.JUnitReportReporter -->
<testsuite hostname="LNZCL3122" failures="0" tests="1" name="testCases.Test002_HuaweiB535Test" time="1.973" errors="0" timestamp="2022-01-14T11:02:35 NZDT" skipped="0">
  <testcase classname="testCases.Test002_HuaweiB535Test" name="TC002_HuaweiB535Test" time="1.973"/>
  <system-out/>
</testsuite> <!-- testCases.Test002_HuaweiB535Test -->
